<?xml version="1.0" encoding="UTF-8"?>
<!-- Generated by org.testng.reporters.JUnitXMLReporter -->
<testsuite hostname="CPU0078" name="Random Test" tests="2" failures="0" timestamp="30 Oct 2015 09:13:17 GMT" time="0.506" errors="0">
  <testcase name="@BeforeMethod beforeMethod" time="0.0" classname="ShivamTest.TestSingla.Framework_001">
    <failure type="org.apache.poi.poifs.filesystem.OfficeXmlFileException" message="The supplied data appears to be in the Office 2007+ XML. You are calling the part of POI that deals with OLE2 Office Documents. You need to call a different part of POI to process this data (eg XSSF instead of HSSF)">
      <![CDATA[org.apache.poi.poifs.filesystem.OfficeXmlFileException: The supplied data appears to be in the Office 2007+ XML. You are calling the part of POI that deals with OLE2 Office Documents. You need to call a different part of POI to process this data (eg XSSF instead of HSSF)
	at org.apache.poi.poifs.storage.HeaderBlock.<init>(HeaderBlock.java:128)
	at org.apache.poi.poifs.storage.HeaderBlock.<init>(HeaderBlock.java:112)
	at org.apache.poi.poifs.filesystem.NPOIFSFileSystem.<init>(NPOIFSFileSystem.java:300)
	at org.apache.poi.hssf.usermodel.HSSFWorkbook.<init>(HSSFWorkbook.java:400)
	at org.apache.poi.hssf.usermodel.HSSFWorkbook.<init>(HSSFWorkbook.java:381)
	at utility.ExcelUtils.setExcelFile(ExcelUtils.java:21)
	at ShivamTest.TestSingla.Framework_001.beforeMethod(Framework_001.java:49)
... Removed 26 stack frames]]>
    </failure>
  </testcase> <!-- @BeforeMethod beforeMethod -->
  <testcase name="@AfterMethod afterMethod" time="0.0" classname="ShivamTest.TestSingla.Framework_001">
    <skipped/>
  </testcase> <!-- @AfterMethod afterMethod -->
  <testcase name="@BeforeMethod beforeMethod" time="0.0" classname="ShivamTest.TestSingla.Framework_002">
    <failure type="org.apache.poi.poifs.filesystem.OfficeXmlFileException" message="The supplied data appears to be in the Office 2007+ XML. You are calling the part of POI that deals with OLE2 Office Documents. You need to call a different part of POI to process this data (eg XSSF instead of HSSF)">
      <![CDATA[org.apache.poi.poifs.filesystem.OfficeXmlFileException: The supplied data appears to be in the Office 2007+ XML. You are calling the part of POI that deals with OLE2 Office Documents. You need to call a different part of POI to process this data (eg XSSF instead of HSSF)
	at org.apache.poi.poifs.storage.HeaderBlock.<init>(HeaderBlock.java:128)
	at org.apache.poi.poifs.storage.HeaderBlock.<init>(HeaderBlock.java:112)
	at org.apache.poi.poifs.filesystem.NPOIFSFileSystem.<init>(NPOIFSFileSystem.java:300)
	at org.apache.poi.hssf.usermodel.HSSFWorkbook.<init>(HSSFWorkbook.java:400)
	at org.apache.poi.hssf.usermodel.HSSFWorkbook.<init>(HSSFWorkbook.java:381)
	at utility.ExcelUtils.setExcelFile(ExcelUtils.java:21)
	at ShivamTest.TestSingla.Framework_002.beforeMethod(Framework_002.java:33)
... Removed 26 stack frames]]>
    </failure>
  </testcase> <!-- @BeforeMethod beforeMethod -->
  <testcase name="@AfterMethod afterMethod" time="0.0" classname="ShivamTest.TestSingla.Framework_002">
    <skipped/>
  </testcase> <!-- @AfterMethod afterMethod -->
  <testcase name="main" time="0.001" classname="ShivamTest.TestSingla.Framework_001">
    <skipped/>
  </testcase> <!-- main -->
  <testcase name="f" time="0.001" classname="ShivamTest.TestSingla.Framework_002">
    <skipped/>
  </testcase> <!-- f -->
</testsuite> <!-- Random Test -->
