<?xml version="1.0" encoding="UTF-8"?>
<testng-results skipped="2" failed="0" total="2" passed="0">
  <reporter-output>
    <line>
      <![CDATA[About to begin executing test Random Test]]>
    </line>
    <line>
      <![CDATA[About to begin executing Framework_001.beforeMethod]]>
    </line>
    <line>
      <![CDATA[Completed executing Framework_001.beforeMethod]]>
    </line>
    <line>
      <![CDATA[About to begin executing Framework_001.main]]>
    </line>
    <line>
      <![CDATA[Completed executing Framework_001.main]]>
    </line>
    <line>
      <![CDATA[TestName = null]]>
    </line>
    <line>
      <![CDATA[Test Method resides in ShivamTest.TestSingla.Framework_001]]>
    </line>
    <line>
      <![CDATA[Test Status: Skipped]]>
    </line>
    <line>
      <![CDATA[About to begin executing Framework_002.beforeMethod]]>
    </line>
    <line>
      <![CDATA[Completed executing Framework_002.beforeMethod]]>
    </line>
  </reporter-output>
  <suite name="Suite" duration-ms="506" started-at="2015-10-30T09:13:16Z" finished-at="2015-10-30T09:13:17Z">
    <groups>
    </groups>
    <test name="Random Test" duration-ms="506" started-at="2015-10-30T09:13:16Z" finished-at="2015-10-30T09:13:17Z">
      <class name="ShivamTest.TestSingla.Framework_001">
        <test-method status="FAIL" signature="beforeMethod()[pri:0, instance:ShivamTest.TestSingla.Framework_001@203ea1]" name="beforeMethod" is-config="true" duration-ms="0" started-at="2015-10-30T14:43:16Z" finished-at="2015-10-30T14:43:16Z">
          <exception class="org.apache.poi.poifs.filesystem.OfficeXmlFileException">
            <message>
              <![CDATA[The supplied data appears to be in the Office 2007+ XML. You are calling the part of POI that deals with OLE2 Office Documents. You need to call a different part of POI to process this data (eg XSSF instead of HSSF)]]>
            </message>
            <full-stacktrace>
              <![CDATA[org.apache.poi.poifs.filesystem.OfficeXmlFileException: The supplied data appears to be in the Office 2007+ XML. You are calling the part of POI that deals with OLE2 Office Documents. You need to call a different part of POI to process this data (eg XSSF instead of HSSF)
	at org.apache.poi.poifs.storage.HeaderBlock.<init>(HeaderBlock.java:128)
	at org.apache.poi.poifs.storage.HeaderBlock.<init>(HeaderBlock.java:112)
	at org.apache.poi.poifs.filesystem.NPOIFSFileSystem.<init>(NPOIFSFileSystem.java:300)
	at org.apache.poi.hssf.usermodel.HSSFWorkbook.<init>(HSSFWorkbook.java:400)
	at org.apache.poi.hssf.usermodel.HSSFWorkbook.<init>(HSSFWorkbook.java:381)
	at utility.ExcelUtils.setExcelFile(ExcelUtils.java:21)
	at ShivamTest.TestSingla.Framework_001.beforeMethod(Framework_001.java:49)
	at sun.reflect.NativeMethodAccessorImpl.invoke0(Native Method)
	at sun.reflect.NativeMethodAccessorImpl.invoke(Unknown Source)
	at sun.reflect.DelegatingMethodAccessorImpl.invoke(Unknown Source)
	at java.lang.reflect.Method.invoke(Unknown Source)
	at org.testng.internal.MethodInvocationHelper.invokeMethod(MethodInvocationHelper.java:85)
	at org.testng.internal.Invoker.invokeConfigurationMethod(Invoker.java:510)
	at org.testng.internal.Invoker.invokeConfigurations(Invoker.java:211)
	at org.testng.internal.Invoker.invokeMethod(Invoker.java:585)
	at org.testng.internal.Invoker.invokeTestMethod(Invoker.java:816)
	at org.testng.internal.Invoker.invokeTestMethods(Invoker.java:1124)
	at org.testng.internal.TestMethodWorker.invokeTestMethods(TestMethodWorker.java:125)
	at org.testng.internal.TestMethodWorker.run(TestMethodWorker.java:108)
	at org.testng.TestRunner.privateRun(TestRunner.java:774)
	at org.testng.TestRunner.run(TestRunner.java:624)
	at org.testng.SuiteRunner.runTest(SuiteRunner.java:359)
	at org.testng.SuiteRunner.runSequentially(SuiteRunner.java:354)
	at org.testng.SuiteRunner.privateRun(SuiteRunner.java:312)
	at org.testng.SuiteRunner.run(SuiteRunner.java:261)
	at org.testng.SuiteRunnerWorker.runSuite(SuiteRunnerWorker.java:52)
	at org.testng.SuiteRunnerWorker.run(SuiteRunnerWorker.java:86)
	at org.testng.TestNG.runSuitesSequentially(TestNG.java:1191)
	at org.testng.TestNG.runSuitesLocally(TestNG.java:1116)
	at org.testng.TestNG.run(TestNG.java:1024)
	at org.testng.remote.RemoteTestNG.run(RemoteTestNG.java:112)
	at org.testng.remote.RemoteTestNG.initAndRun(RemoteTestNG.java:205)
	at org.testng.remote.RemoteTestNG.main(RemoteTestNG.java:176)
]]>
            </full-stacktrace>
          </exception> <!-- org.apache.poi.poifs.filesystem.OfficeXmlFileException -->
          <reporter-output>
            <line>
              <![CDATA[Completed executing Framework_001.beforeMethod]]>
            </line>
          </reporter-output>
        </test-method> <!-- beforeMethod -->
        <test-method status="SKIP" signature="main()[pri:0, instance:ShivamTest.TestSingla.Framework_001@203ea1]" name="main" duration-ms="1" started-at="2015-10-30T14:43:17Z" finished-at="2015-10-30T14:43:17Z">
          <reporter-output>
          </reporter-output>
        </test-method> <!-- main -->
        <test-method status="SKIP" signature="afterMethod()[pri:0, instance:ShivamTest.TestSingla.Framework_001@203ea1]" name="afterMethod" is-config="true" duration-ms="0" started-at="2015-10-30T14:43:17Z" finished-at="2015-10-30T14:43:17Z">
          <reporter-output>
          </reporter-output>
        </test-method> <!-- afterMethod -->
      </class> <!-- ShivamTest.TestSingla.Framework_001 -->
      <class name="ShivamTest.TestSingla.Framework_002">
        <test-method status="FAIL" signature="beforeMethod()[pri:0, instance:ShivamTest.TestSingla.Framework_002@7f674d]" name="beforeMethod" is-config="true" duration-ms="0" started-at="2015-10-30T14:43:17Z" finished-at="2015-10-30T14:43:17Z">
          <exception class="org.apache.poi.poifs.filesystem.OfficeXmlFileException">
            <message>
              <![CDATA[The supplied data appears to be in the Office 2007+ XML. You are calling the part of POI that deals with OLE2 Office Documents. You need to call a different part of POI to process this data (eg XSSF instead of HSSF)]]>
            </message>
            <full-stacktrace>
              <![CDATA[org.apache.poi.poifs.filesystem.OfficeXmlFileException: The supplied data appears to be in the Office 2007+ XML. You are calling the part of POI that deals with OLE2 Office Documents. You need to call a different part of POI to process this data (eg XSSF instead of HSSF)
	at org.apache.poi.poifs.storage.HeaderBlock.<init>(HeaderBlock.java:128)
	at org.apache.poi.poifs.storage.HeaderBlock.<init>(HeaderBlock.java:112)
	at org.apache.poi.poifs.filesystem.NPOIFSFileSystem.<init>(NPOIFSFileSystem.java:300)
	at org.apache.poi.hssf.usermodel.HSSFWorkbook.<init>(HSSFWorkbook.java:400)
	at org.apache.poi.hssf.usermodel.HSSFWorkbook.<init>(HSSFWorkbook.java:381)
	at utility.ExcelUtils.setExcelFile(ExcelUtils.java:21)
	at ShivamTest.TestSingla.Framework_002.beforeMethod(Framework_002.java:33)
	at sun.reflect.NativeMethodAccessorImpl.invoke0(Native Method)
	at sun.reflect.NativeMethodAccessorImpl.invoke(Unknown Source)
	at sun.reflect.DelegatingMethodAccessorImpl.invoke(Unknown Source)
	at java.lang.reflect.Method.invoke(Unknown Source)
	at org.testng.internal.MethodInvocationHelper.invokeMethod(MethodInvocationHelper.java:85)
	at org.testng.internal.Invoker.invokeConfigurationMethod(Invoker.java:510)
	at org.testng.internal.Invoker.invokeConfigurations(Invoker.java:211)
	at org.testng.internal.Invoker.invokeMethod(Invoker.java:585)
	at org.testng.internal.Invoker.invokeTestMethod(Invoker.java:816)
	at org.testng.internal.Invoker.invokeTestMethods(Invoker.java:1124)
	at org.testng.internal.TestMethodWorker.invokeTestMethods(TestMethodWorker.java:125)
	at org.testng.internal.TestMethodWorker.run(TestMethodWorker.java:108)
	at org.testng.TestRunner.privateRun(TestRunner.java:774)
	at org.testng.TestRunner.run(TestRunner.java:624)
	at org.testng.SuiteRunner.runTest(SuiteRunner.java:359)
	at org.testng.SuiteRunner.runSequentially(SuiteRunner.java:354)
	at org.testng.SuiteRunner.privateRun(SuiteRunner.java:312)
	at org.testng.SuiteRunner.run(SuiteRunner.java:261)
	at org.testng.SuiteRunnerWorker.runSuite(SuiteRunnerWorker.java:52)
	at org.testng.SuiteRunnerWorker.run(SuiteRunnerWorker.java:86)
	at org.testng.TestNG.runSuitesSequentially(TestNG.java:1191)
	at org.testng.TestNG.runSuitesLocally(TestNG.java:1116)
	at org.testng.TestNG.run(TestNG.java:1024)
	at org.testng.remote.RemoteTestNG.run(RemoteTestNG.java:112)
	at org.testng.remote.RemoteTestNG.initAndRun(RemoteTestNG.java:205)
	at org.testng.remote.RemoteTestNG.main(RemoteTestNG.java:176)
]]>
            </full-stacktrace>
          </exception> <!-- org.apache.poi.poifs.filesystem.OfficeXmlFileException -->
          <reporter-output>
            <line>
              <![CDATA[Completed executing Framework_002.beforeMethod]]>
            </line>
          </reporter-output>
        </test-method> <!-- beforeMethod -->
        <test-method status="SKIP" signature="f()[pri:0, instance:ShivamTest.TestSingla.Framework_002@7f674d]" name="f" duration-ms="1" started-at="2015-10-30T14:43:17Z" finished-at="2015-10-30T14:43:17Z">
          <reporter-output>
          </reporter-output>
        </test-method> <!-- f -->
        <test-method status="SKIP" signature="afterMethod()[pri:0, instance:ShivamTest.TestSingla.Framework_002@7f674d]" name="afterMethod" is-config="true" duration-ms="0" started-at="2015-10-30T14:43:17Z" finished-at="2015-10-30T14:43:17Z">
          <reporter-output>
          </reporter-output>
        </test-method> <!-- afterMethod -->
      </class> <!-- ShivamTest.TestSingla.Framework_002 -->
    </test> <!-- Random Test -->
  </suite> <!-- Suite -->
</testng-results>
